app/build/outputs/logs/manifest-merger-debug-report.txt
-- Merging decision tree log ---
manifest
ADDED from src\main\AndroidManifest.xml:2:1-56:12
INJECTED from src\main\AndroidManifest.xml:2:1-56:12
INJECTED from src\main\AndroidManifest.xml:2:1-56:12
INJECTED from src\main\AndroidManifest.xml:2:1-56:12
INJECTED from src\main\AndroidManifest.xml:2:1-56:12
INJECTED from src\main\AndroidManifest.xml:2:1-56:12
INJECTED from src\main\AndroidManifest.xml:2:1-56:12
	package
		ADDED from src\main\AndroidManifest.xml:3:5-34
		INJECTED from src\main\AndroidManifest.xml
		INJECTED from src\main\AndroidManifest.xml
	android:versionName
		ADDED from src\main\AndroidManifest.xml:5:5-30
		INJECTED from src\main\AndroidManifest.xml
		INJECTED from src\main\AndroidManifest.xml
	xmlns:android
		ADDED from src\main\AndroidManifest.xml:2:11-69
	android:versionCode
		ADDED from src\main\AndroidManifest.xml:4:5-28
		INJECTED from src\main\AndroidManifest.xml
		INJECTED from src\main\AndroidManifest.xml
uses-sdk
ADDED from src\main\AndroidManifest.xml:7:5-9:41
INJECTED from src\main\AndroidManifest.xml:7:5-9:41
INJECTED from src\main\AndroidManifest.xml:7:5-9:41
INJECTED from src\main\AndroidManifest.xml:7:5-9:41
INJECTED from src\main\AndroidManifest.xml:7:5-9:41
	android:targetSdkVersion
		ADDED from src\main\AndroidManifest.xml:9:9-38
		INJECTED from src\main\AndroidManifest.xml
		INJECTED from src\main\AndroidManifest.xml
	android:minSdkVersion
		ADDED from src\main\AndroidManifest.xml:8:9-35
		INJECTED from src\main\AndroidManifest.xml
		INJECTED from src\main\AndroidManifest.xml
uses-permission#android.permission.READ_EXTERNAL_STORAGE
ADDED from src\main\AndroidManifest.xml:11:5-80
	android:name
		ADDED from src\main\AndroidManifest.xml:11:22-77
uses-permission#android.permission.WRITE_EXTERNAL_STORAGE
ADDED from src\main\AndroidManifest.xml:12:5-81
	android:name
		ADDED from src\main\AndroidManifest.xml:12:22-78
uses-permission#android.permission.READ_PHONE_STATE
ADDED from src\main\AndroidManifest.xml:13:5-75
	android:name
		ADDED from src\main\AndroidManifest.xml:13:22-72
application
ADDED from src\main\AndroidManifest.xml:15:5-54:19
	android:label
		ADDED from src\main\AndroidManifest.xml:18:9-41
	android:icon
		ADDED from src\main\AndroidManifest.xml:17:9-45
	android:allowBackup
		ADDED from src\main\AndroidManifest.xml:16:9-35
	android:theme
		ADDED from src\main\AndroidManifest.xml:19:9-79
activity#com.cwnu.ttpodmusic.MainActivity
ADDED from src\main\AndroidManifest.xml:20:9-22:57
	android:label
		ADDED from src\main\AndroidManifest.xml:22:13-45
	android:name
		ADDED from src\main\AndroidManifest.xml:21:13-41
activity#com.cwnu.ttpodmusic.WelcomeActivity
ADDED from src\main\AndroidManifest.xml:23:9-31:20
	android:label
		ADDED from src\main\AndroidManifest.xml:25:13-59
	android:name
		ADDED from src\main\AndroidManifest.xml:24:13-44
intent-filter#android.intent.action.MAIN+android.intent.category.LAUNCHER
ADDED from src\main\AndroidManifest.xml:26:13-30:29
action#android.intent.action.MAIN
ADDED from src\main\AndroidManifest.xml:27:17-69
	android:name
		ADDED from src\main\AndroidManifest.xml:27:25-66
category#android.intent.category.LAUNCHER
ADDED from src\main\AndroidManifest.xml:29:17-77
	android:name
		ADDED from src\main\AndroidManifest.xml:29:27-74
activity#com.cwnu.ttpodmusic.MusicPlayActivity
ADDED from src\main\AndroidManifest.xml:32:9-34:74
	android:label
		ADDED from src\main\AndroidManifest.xml:34:13-62
	android:name
		ADDED from src\main\AndroidManifest.xml:33:13-46
service#com.cwnu.ttpodmusic.service.MusicPlayService
ADDED from src\main\AndroidManifest.xml:36:9-69
	android:name
		ADDED from src\main\AndroidManifest.xml:36:18-58
activity#com.cwnu.ttpodmusic.PlayWayActivity
ADDED from src\main\AndroidManifest.xml:38:9-40:72
	android:label
		ADDED from src\main\AndroidManifest.xml:40:13-60
	android:name
		ADDED from src\main\AndroidManifest.xml:39:13-44
activity#com.cwnu.ttpodmusic.SettingActivity
ADDED from src\main\AndroidManifest.xml:41:9-43:71
	android:label
		ADDED from src\main\AndroidManifest.xml:43:13-59
	android:name
		ADDED from src\main\AndroidManifest.xml:42:13-44
activity#com.cwnu.ttpodmusic.HelpActivity
ADDED from src\main\AndroidManifest.xml:44:9-46:68
	android:label
		ADDED from src\main\AndroidManifest.xml:46:13-56
	android:name
		ADDED from src\main\AndroidManifest.xml:45:13-41
activity#com.cwnu.ttpodmusic.FileActivity
ADDED from src\main\AndroidManifest.xml:47:9-49:68
	android:label
		ADDED from src\main\AndroidManifest.xml:49:13-56
	android:name
		ADDED from src\main\AndroidManifest.xml:48:13-41
activity#com.cwnu.ttpodmusic.DownloadManageActivity
ADDED from src\main\AndroidManifest.xml:50:9-52:79
	android:label
		ADDED from src\main\AndroidManifest.xml:52:13-67
	android:name
		ADDED from src\main\AndroidManifest.xml:51:13-51
activity#com.cwnu.ttpodmusic.MyMusicActivity
ADDED from src\main\AndroidManifest.xml:53:9-62
	android:name
		ADDED from src\main\AndroidManifest.xml:53:19-50